<?xml version="1.0" encoding="UTF-8"?>
<!-- Generated by org.testng.reporters.JUnitReportReporter -->
<testsuite hostname="DESKTOP-274016C" failures="0" tests="2" name="TestClass.LoginTest" time="32.442" errors="0" timestamp="2021-01-31T17:23:55 EST" skipped="0">
  <testcase classname="TestClass.LoginTest" name="VerifyLogin" time="30.897"/>
  <system-out/>
  <testcase classname="TestClass.LoginTest" name="VerifyLogout" time="1.545"/>
  <system-out/>
</testsuite> <!-- TestClass.LoginTest -->
